<?xml version="1.0" encoding="UTF-8"?>
<!-- Generated by org.testng.reporters.JUnitReportReporter -->
<testsuite hostname="DESKTOP-3VIGGG8" failures="0" tests="1" name="PracticeJava.TestNGClass" time="0.017" errors="0" timestamp="2022-10-01T17:57:43 IST" skipped="0">
  <testcase classname="PracticeJava.TestNGClass" name="test" time="0.017"/>
  <system-out/>
</testsuite> <!-- PracticeJava.TestNGClass -->
